<?xml version="1.0" encoding="UTF-8"?>
<!-- Generated by org.testng.reporters.JUnitReportReporter -->
<testsuite skipped="0" hostname="DESKTOP-CTRD12V" name="ReadExcelData.WriteExcelSheet" tests="1" failures="0" timestamp="23 Dec 2017 11:44:12 GMT" time="0.999" errors="0">
  <testcase name="workbook" time="0.999" classname="ReadExcelData.WriteExcelSheet"/>
</testsuite> <!-- ReadExcelData.WriteExcelSheet -->
