<?xml version="1.0" encoding="UTF-8"?>
<!-- Generated by org.testng.reporters.JUnitReportReporter -->
<testsuite skipped="0" hostname="DESKTOP-CTRD12V" name="ReadExcelData.ReadExcelData" tests="1" failures="0" timestamp="23 Dec 2017 10:20:12 GMT" time="0.801" errors="0">
  <testcase name="f" time="0.801" classname="ReadExcelData.ReadExcelData"/>
</testsuite> <!-- ReadExcelData.ReadExcelData -->
