<?xml version="1.0" encoding="UTF-8"?>
<!-- Generated by org.testng.reporters.JUnitReportReporter -->
<testsuite skipped="0" hostname="DESKTOP-CTRD12V" name="testPHPtravels.testLogin" tests="5" failures="0" timestamp="22 Dec 2017 18:38:10 GMT" time="51.544" errors="0">
  <testcase name="openBrowser" time="38.983" classname="testPHPtravels.testLogin"/>
  <testcase name="openLoginpage" time="8.550" classname="testPHPtravels.testLogin"/>
  <testcase name="inputEmail" time="0.162" classname="testPHPtravels.testLogin"/>
  <testcase name="inputPassword" time="0.158" classname="testPHPtravels.testLogin"/>
  <testcase name="clickLoginbutton" time="3.691" classname="testPHPtravels.testLogin"/>
</testsuite> <!-- testPHPtravels.testLogin -->
