<?xml version="1.0" encoding="UTF-8"?>
<!-- Generated by org.testng.reporters.JUnitReportReporter -->
<testsuite skipped="0" hostname="DESKTOP-CTRD12V" name="ReadExcelData.ReadExcel2" tests="1" failures="0" timestamp="23 Dec 2017 09:51:43 GMT" time="0.924" errors="0">
  <testcase name="workbook" time="0.924" classname="ReadExcelData.ReadExcel2"/>
</testsuite> <!-- ReadExcelData.ReadExcel2 -->
