<?xml version="1.0" encoding="UTF-8"?>
<!-- Generated by org.testng.reporters.JUnitReportReporter -->
<testsuite skipped="0" hostname="DESKTOP-CTRD12V" name="config.ActionKeywords" tests="8" failures="0" timestamp="23 Dec 2017 16:22:24 GMT" time="52.316" errors="0">
  <testcase name="openBrowser" time="0.012" classname="config.ActionKeywords"/>
  <testcase name="navigate" time="34.214" classname="config.ActionKeywords"/>
  <testcase name="openLoginpage" time="4.582" classname="config.ActionKeywords"/>
  <testcase name="inputEmail" time="0.157" classname="config.ActionKeywords"/>
  <testcase name="inputPassword" time="0.065" classname="config.ActionKeywords"/>
  <testcase name="clickLoginbutton" time="6.098" classname="config.ActionKeywords"/>
  <testcase name="Logout" time="6.678" classname="config.ActionKeywords"/>
  <testcase name="closeBrowser" time="0.510" classname="config.ActionKeywords"/>
</testsuite> <!-- config.ActionKeywords -->
