<?xml version="1.0" encoding="UTF-8"?>
<!-- Generated by org.testng.reporters.JUnitReportReporter -->
<testsuite skipped="0" hostname="DESKTOP-CTRD12V" name="testECommerceSite.contactUSpage" tests="1" failures="0" timestamp="24 Dec 2017 15:59:09 GMT" time="3.530" errors="0">
  <testcase name="openBrowser" time="3.530" classname="testECommerceSite.contactUSpage"/>
</testsuite> <!-- testECommerceSite.contactUSpage -->
