<?xml version="1.0" encoding="UTF-8"?>
<!-- Generated by org.testng.reporters.JUnitReportReporter -->
<testsuite skipped="0" hostname="DESKTOP-CTRD12V" name="testECommerceSite.changeUserinfo" tests="1" failures="0" timestamp="24 Dec 2017 15:59:09 GMT" time="32.763" errors="0">
  <testcase name="openBrowser" time="32.763" classname="testECommerceSite.changeUserinfo"/>
</testsuite> <!-- testECommerceSite.changeUserinfo -->
