<?xml version="1.0" encoding="UTF-8"?>
<!-- Generated by org.testng.reporters.JUnitReportReporter -->
<testsuite skipped="0" hostname="DESKTOP-CTRD12V" name="ReadExcelData.ReadExcel" tests="1" failures="0" timestamp="23 Dec 2017 13:49:34 GMT" time="0.922" errors="0">
  <testcase name="workbook" time="0.922" classname="ReadExcelData.ReadExcel"/>
</testsuite> <!-- ReadExcelData.ReadExcel -->
