<?xml version="1.0" encoding="UTF-8"?>
<!-- Generated by org.testng.reporters.JUnitReportReporter -->
<testsuite skipped="0" hostname="DESKTOP-CTRD12V" name="testECommerceSite.testLogin" tests="1" failures="0" timestamp="24 Dec 2017 15:57:38 GMT" time="3.552" errors="0">
  <testcase name="openBrowser" time="3.552" classname="testECommerceSite.testLogin"/>
</testsuite> <!-- testECommerceSite.testLogin -->
